2026-05-29 17:00:28,976 PyTorch Version: 2.12.0+cu130
2026-05-29 17:00:57,758 PyTorch Version: 2.12.0+cu130
2026-05-29 17:00:57,759 num_classes: 10
2026-05-29 17:00:57,759 epochs: 60
2026-05-29 17:00:57,759 grad_clip: 5.0
2026-05-29 17:00:57,759 log_frequency: 100
2026-05-29 17:00:57,759 model: {'name': 'ResNet18', 'num_classes': 10}
2026-05-29 17:00:57,759 criterion: {'name': 'CrossEntropyLoss'}
2026-05-29 17:00:57,759 optimizer: {'name': 'SGD', 'lr': 0.1, 'weight_decay': 0.0005, 'momentum': 0.9}
2026-05-29 17:00:57,759 scheduler: {'name': 'CosineAnnealingLR', 'T_max': 60, 'eta_min': 0.0}
2026-05-29 17:00:57,759 dataset: {'name': 'DatasetGenerator', 'train_batch_size': 128, 'eval_batch_size': 128}
2026-05-29 17:00:57,760 seed: 0
2026-05-29 17:00:57,760 version: resnet18
2026-05-29 17:00:57,760 exp_name: /work/mohammad/Vector/UE-EMN
2026-05-29 17:00:57,760 config_path: configs/cifar10
2026-05-29 17:00:57,760 load_model: False
2026-05-29 17:00:57,760 data_parallel: False
2026-05-29 17:00:57,760 train_batch_size: 1024
2026-05-29 17:00:57,760 eval_batch_size: 1024
2026-05-29 17:00:57,760 num_of_workers: 1
2026-05-29 17:00:57,760 train_data_type: CIFAR10_S
2026-05-29 17:00:57,760 train_data_path: ../datasets
2026-05-29 17:00:57,760 test_data_type: CIFAR10_S
2026-05-29 17:00:57,760 test_data_path: ../datasets
2026-05-29 17:00:57,760 universal_train_portion: 0.2
2026-05-29 17:00:57,760 universal_stop_error: 0.01
2026-05-29 17:00:57,760 universal_train_target: train_subset
2026-05-29 17:00:57,760 train_step: 10
2026-05-29 17:00:57,760 use_subset: False
2026-05-29 17:00:57,760 attack_type: min-min
2026-05-29 17:00:57,760 perturb_type: samplewise
2026-05-29 17:00:57,760 patch_location: center
2026-05-29 17:00:57,760 noise_shape: [50000, 3, 32, 32]
2026-05-29 17:00:57,760 epsilon: 0.03137254901960784
2026-05-29 17:00:57,760 num_steps: 20
2026-05-29 17:00:57,760 step_size: 0.0031372549019607846
2026-05-29 17:00:57,760 random_start: False
2026-05-29 17:00:57,760 subset_pt: None
2026-05-29 17:00:57,760 skew_ratio: 0.9
2026-05-29 17:00:57,760 severity: 0
2026-05-29 17:01:10,927 param size = 11.173962MB
2026-05-29 17:01:19,886 ====================Searching Samplewise Perturbation====================
2026-05-29 17:10:02,559 PyTorch Version: 2.5.1+cu121
2026-05-29 17:10:02,671 GPU List: ['NVIDIA H100 80GB HBM3', 'NVIDIA H100 80GB HBM3', 'NVIDIA H100 80GB HBM3', 'NVIDIA H100 80GB HBM3', 'NVIDIA H100 80GB HBM3', 'NVIDIA H100 80GB HBM3', 'NVIDIA H100 80GB HBM3', 'NVIDIA H100 80GB HBM3']
2026-05-29 17:10:02,673 num_classes: 10
2026-05-29 17:10:02,673 epochs: 60
2026-05-29 17:10:02,673 grad_clip: 5.0
2026-05-29 17:10:02,673 log_frequency: 100
2026-05-29 17:10:02,673 model: {'name': 'ResNet18', 'num_classes': 10}
2026-05-29 17:10:02,673 criterion: {'name': 'CrossEntropyLoss'}
2026-05-29 17:10:02,673 optimizer: {'name': 'SGD', 'lr': 0.1, 'weight_decay': 0.0005, 'momentum': 0.9}
2026-05-29 17:10:02,673 scheduler: {'name': 'CosineAnnealingLR', 'T_max': 60, 'eta_min': 0.0}
2026-05-29 17:10:02,673 dataset: {'name': 'DatasetGenerator', 'train_batch_size': 128, 'eval_batch_size': 128}
2026-05-29 17:10:02,673 seed: 0
2026-05-29 17:10:02,673 version: resnet18
2026-05-29 17:10:02,673 exp_name: /work/mohammad/Vector/UE-EMN
2026-05-29 17:10:02,673 config_path: configs/cifar10
2026-05-29 17:10:02,673 load_model: False
2026-05-29 17:10:02,673 data_parallel: False
2026-05-29 17:10:02,673 train_batch_size: 1024
2026-05-29 17:10:02,673 eval_batch_size: 1024
2026-05-29 17:10:02,673 num_of_workers: 1
2026-05-29 17:10:02,673 train_data_type: CIFAR10_S
2026-05-29 17:10:02,673 train_data_path: ../datasets
2026-05-29 17:10:02,673 test_data_type: CIFAR10_S
2026-05-29 17:10:02,673 test_data_path: ../datasets
2026-05-29 17:10:02,673 universal_train_portion: 0.2
2026-05-29 17:10:02,673 universal_stop_error: 0.01
2026-05-29 17:10:02,673 universal_train_target: train_subset
2026-05-29 17:10:02,673 train_step: 10
2026-05-29 17:10:02,673 use_subset: False
2026-05-29 17:10:02,673 attack_type: min-min
2026-05-29 17:10:02,674 perturb_type: samplewise
2026-05-29 17:10:02,674 patch_location: center
2026-05-29 17:10:02,674 noise_shape: [50000, 3, 32, 32]
2026-05-29 17:10:02,674 epsilon: 0.03137254901960784
2026-05-29 17:10:02,674 num_steps: 20
2026-05-29 17:10:02,674 step_size: 0.0031372549019607846
2026-05-29 17:10:02,674 random_start: False
2026-05-29 17:10:02,674 subset_pt: None
2026-05-29 17:10:02,674 skew_ratio: 0.9
2026-05-29 17:10:02,674 severity: 0
2026-05-29 17:10:09,541 param size = 11.173962MB
2026-05-29 17:10:17,995 ====================Searching Samplewise Perturbation====================
2026-05-29 17:10:56,167 Loss: 2.3765 Acc: 13.86%
2026-05-29 17:11:31,168 Loss: 13.5921 Acc: 41.18%
2026-05-29 17:12:06,267 Loss: 11.7276 Acc: 26.84%
2026-05-29 17:12:41,371 Loss: 6.6741 Acc: 15.34%
2026-05-29 17:13:16,612 Loss: 16.1215 Acc: 15.41%
2026-05-29 17:13:51,761 Loss: 11.1701 Acc: 41.20%
2026-05-29 17:14:26,739 Loss: 1.5650 Acc: 80.78%
2026-05-29 17:15:01,811 Loss: 0.1137 Acc: 97.30%
2026-05-29 17:15:36,824 Loss: 0.0216 Acc: 99.68%
2026-05-29 17:15:37,922 tensor([[[[-2.5098e-02, -2.5098e-02, -2.5098e-02,  ..., -2.5098e-02,
           -2.5098e-02, -2.5098e-02],
          [-2.5098e-02, -2.5098e-02, -2.5098e-02,  ..., -2.8235e-02,
           -2.8235e-02, -2.8235e-02],
          [ 2.8235e-02,  2.8235e-02,  2.8235e-02,  ...,  2.5098e-02,
            2.5098e-02,  2.5098e-02],
          ...,
          [-3.1373e-02,  1.8824e-02,  5.9605e-08,  ...,  1.8824e-02,
            1.8824e-02,  1.8824e-02],
          [-1.8824e-02, -1.8824e-02, -1.8824e-02,  ..., -6.2747e-03,
           -6.2745e-03, -6.2745e-03],
          [-1.8824e-02, -1.8824e-02, -1.2549e-02,  ..., -6.2747e-03,
           -6.2747e-03, -6.2747e-03]],

         [[ 2.5098e-02,  2.5098e-02,  2.5098e-02,  ...,  2.8235e-02,
            2.8235e-02,  2.8235e-02],
          [ 2.5098e-02,  2.5098e-02, -6.2742e-03,  ...,  2.8235e-02,
            2.8235e-02,  2.8235e-02],
          [-2.5098e-02, -1.8824e-02, -1.8824e-02,  ..., -1.8823e-02,
           -1.2549e-02, -1.8824e-02],
          ...,
          [ 1.8824e-02,  1.8824e-02,  1.8824e-02,  ...,  1.8824e-02,
            1.8824e-02, -3.1373e-02],
          [ 1.8824e-02,  1.8824e-02,  1.8824e-02,  ...,  1.5686e-02,
            1.5686e-02,  1.5686e-02],
          [ 1.8824e-02,  1.8824e-02,  1.8824e-02,  ...,  1.8824e-02,
            1.8824e-02,  1.8824e-02]],

         [[ 6.2747e-03,  1.8824e-02, -3.1372e-02,  ..., -3.1373e-02,
           -3.1373e-02, -3.1373e-02],
          [ 1.8824e-02,  1.8824e-02,  1.8824e-02,  ...,  1.8824e-02,
            1.8824e-02,  1.8824e-02],
          [-2.5098e-02, -3.1372e-02, -3.1372e-02,  ...,  2.8235e-02,
            2.8235e-02,  2.8235e-02],
          ...,
          [-1.8824e-02, -1.8824e-02, -1.8824e-02,  ..., -6.2745e-03,
           -6.2745e-03, -1.8824e-02],
          [-1.8824e-02, -1.8824e-02, -1.8824e-02,  ..., -2.3842e-07,
            5.9605e-08, -1.5686e-02],
          [-1.8824e-02, -1.8824e-02, -1.8824e-02,  ..., -2.5098e-02,
           -1.2549e-02, -3.1370e-03]]],


        [[[-2.8235e-02, -2.8235e-02, -2.8235e-02,  ..., -2.8235e-02,
           -2.8235e-02, -2.8235e-02],
          [-2.8235e-02, -2.8235e-02, -2.8235e-02,  ..., -2.8235e-02,
           -2.8235e-02, -2.8235e-02],
          [-1.8824e-02, -1.5686e-02, -1.8824e-02,  ...,  1.8823e-02,
            2.5098e-02,  2.8235e-02],
          ...,
          [-1.2549e-02, -1.2549e-02, -2.8235e-02,  ..., -1.8824e-02,
           -2.5098e-02, -1.5686e-02],
          [ 1.2549e-02,  1.2549e-02,  1.2549e-02,  ..., -5.9605e-08,
           -5.9605e-08, -5.9605e-08],
          [ 1.8824e-02,  1.8824e-02,  1.2549e-02,  ...,  1.2549e-02,
            1.2549e-02,  1.2549e-02]],

         [[ 6.2742e-03,  6.2746e-03,  1.2549e-02,  ...,  2.8235e-02,
            2.8235e-02,  2.8235e-02],
          [ 6.2742e-03,  6.2746e-03,  5.9605e-08,  ...,  2.8235e-02,
            2.8235e-02,  2.8235e-02],
          [-2.8235e-02, -2.8235e-02, -2.8235e-02,  ...,  1.8824e-02,
            1.2549e-02,  1.2549e-02],
          ...,
          [-1.2549e-02, -1.2549e-02, -1.2549e-02,  ...,  2.5098e-02,
            2.5098e-02,  2.8235e-02],
          [-1.2549e-02, -1.2549e-02, -1.2549e-02,  ..., -6.2745e-03,
           -6.2745e-03, -6.2745e-03],
          [-1.2549e-02, -1.2549e-02, -1.2549e-02,  ..., -9.4117e-03,
           -9.4117e-03,  6.2746e-03]],

         [[-3.1372e-02, -3.1373e-02,  2.8235e-02,  ..., -1.2549e-02,
           -1.2549e-02, -6.2747e-03],
          [ 2.8235e-02,  2.8235e-02,  2.8235e-02,  ..., -1.8824e-02,
           -1.8824e-02, -1.8824e-02],
          [ 2.8235e-02,  2.8235e-02,  2.8235e-02,  ...,  2.8235e-02,
            2.8235e-02,  2.8235e-02],
          ...,
          [-5.9605e-08, -1.8824e-02,  6.2745e-03,  ..., -4.4703e-08,
            6.2745e-03,  6.2745e-03],
          [ 1.2549e-02,  6.2745e-03,  1.2549e-02,  ...,  6.2745e-03,
            6.2745e-03,  6.2745e-03],
          [ 1.2549e-02,  6.2745e-03,  1.8824e-02,  ...,  1.2549e-02,
           -1.2549e-02, -3.1373e-02]]],


        [[[-2.8235e-02, -2.8235e-02, -2.8235e-02,  ..., -2.8235e-02,
           -2.8235e-02, -2.8235e-02],
          [ 2.3842e-07, -2.8235e-02, -9.4115e-03,  ..., -2.8235e-02,
           -2.8235e-02, -2.8235e-02],
          [ 2.1961e-02,  2.5098e-02,  2.8235e-02,  ..., -1.2549e-02,
           -1.2549e-02, -1.2549e-02],
          ...,
          [-2.8235e-02, -2.8235e-02, -2.8235e-02,  ..., -9.4115e-03,
           -2.8235e-02, -2.8235e-02],
          [ 2.5098e-02,  2.5098e-02,  2.5098e-02,  ...,  2.1961e-02,
           -2.5098e-02, -2.5098e-02],
          [ 2.5098e-02,  2.5098e-02,  2.5098e-02,  ...,  2.5098e-02,
           -1.8824e-02, -2.5098e-02]],

         [[ 2.8235e-02,  2.8235e-02,  2.8235e-02,  ...,  2.8235e-02,
            2.8235e-02,  2.8235e-02],
          [ 2.1961e-02,  2.8235e-02,  2.8235e-02,  ...,  2.8235e-02,
            2.8235e-02,  2.8235e-02],
          [ 1.8824e-02,  1.8824e-02,  1.8824e-02,  ...,  1.2549e-02,
            1.2549e-02,  1.2549e-02],
          ...,
          [-1.8824e-02, -1.8824e-02, -2.5098e-02,  ..., -2.5098e-02,
           -2.5098e-02,  1.8824e-02],
          [-2.5098e-02, -2.5098e-02, -2.5098e-02,  ..., -2.5098e-02,
           -2.5098e-02, -2.5098e-02],
          [-2.5098e-02, -2.5098e-02, -2.5098e-02,  ..., -2.5098e-02,
           -2.5098e-02, -2.5098e-02]],

         [[ 2.8235e-02, -1.8824e-02, -1.8824e-02,  ..., -1.2549e-02,
           -1.2549e-02, -1.2549e-02],
          [-1.8824e-02, -1.8824e-02, -1.8824e-02,  ..., -1.2549e-02,
           -1.2549e-02, -1.2549e-02],
          [-1.8824e-02, -1.8824e-02, -1.8824e-02,  ..., -1.8824e-02,
           -1.8824e-02, -1.8824e-02],
          ...,
          [ 2.5098e-02,  2.5098e-02,  2.5098e-02,  ...,  1.8824e-02,
            2.5098e-02,  1.8824e-02],
          [ 2.5098e-02,  2.5098e-02,  2.5098e-02,  ...,  1.8824e-02,
            1.8824e-02,  1.8824e-02],
          [ 2.5098e-02,  2.5098e-02,  2.5098e-02,  ...,  2.8235e-02,
            2.8235e-02,  2.8235e-02]]],


        ...,


        [[[-6.2747e-03, -9.4119e-03,  6.2742e-03,  ...,  2.3842e-07,
            2.3842e-07, -1.2549e-02],
          [ 1.8824e-02, -3.1373e-02, -3.1373e-02,  ..., -3.1373e-02,
           -3.1373e-02, -3.1373e-02],
          [ 3.1373e-02,  3.1372e-02,  3.1373e-02,  ...,  3.1373e-02,
            2.3842e-07,  6.2742e-03],
          ...,
          [ 3.1373e-02,  3.1373e-02,  2.0862e-07,  ..., -3.1373e-02,
           -2.5098e-02, -3.1373e-02],
          [ 1.2549e-02,  1.2549e-02,  1.2549e-02,  ...,  6.2747e-03,
            6.2747e-03,  6.2747e-03],
          [ 1.8824e-02,  1.8824e-02,  1.8824e-02,  ...,  6.2747e-03,
            6.2747e-03,  6.2747e-03]],

         [[ 1.8824e-02,  1.5686e-02,  3.1373e-02,  ...,  1.2549e-02,
            3.1373e-02,  6.2742e-03],
          [-3.1373e-02,  3.1372e-02,  3.1373e-02,  ...,  2.3529e-02,
            3.1373e-02,  3.1373e-02],
          [ 6.2747e-03,  6.2747e-03,  6.2742e-03,  ...,  4.7060e-03,
            1.2549e-02,  1.2549e-02],
          ...,
          [-6.2745e-03,  5.9605e-08,  6.2746e-03,  ..., -2.3842e-07,
           -2.3842e-07, -2.3842e-07],
          [-1.2549e-02, -1.2549e-02, -1.2549e-02,  ..., -6.2747e-03,
           -6.2747e-03, -6.2747e-03],
          [-1.8824e-02, -1.8824e-02, -1.8824e-02,  ..., -6.2747e-03,
           -2.3842e-07, -2.3842e-07]],

         [[ 1.2549e-02,  3.1373e-02,  6.2742e-03,  ..., -1.2549e-02,
           -1.2549e-02, -1.2549e-02],
          [-1.2549e-02, -1.2549e-02, -1.2549e-02,  ...,  6.2742e-03,
            1.5686e-02, -9.4119e-03],
          [-1.8824e-02, -1.8824e-02, -1.8824e-02,  ...,  1.9608e-02,
            3.1373e-02,  3.1373e-02],
          ...,
          [ 1.2549e-02,  1.2549e-02, -3.1373e-02,  ...,  6.2747e-03,
            2.3842e-07,  2.3842e-07],
          [ 1.2549e-02,  1.2549e-02,  1.2549e-02,  ..., -2.5098e-02,
            1.2549e-02, -1.2549e-02],
          [ 1.8824e-02,  1.8824e-02, -3.1373e-02,  ..., -1.8824e-02,
           -1.8824e-02, -1.8824e-02]]],


        [[[-3.1373e-02, -3.1373e-02, -3.1373e-02,  ..., -3.1373e-02,
           -3.1372e-02, -3.1373e-02],
          [-2.5098e-02, -3.1373e-02, -3.1373e-02,  ..., -3.1373e-02,
           -3.1373e-02, -3.1373e-02],
          [ 3.1372e-03,  3.1372e-03,  3.1372e-03,  ...,  7.0588e-03,
            3.1372e-03,  3.1372e-03],
          ...,
          [-3.1373e-02, -3.1373e-02, -3.1373e-02,  ..., -2.1961e-02,
           -2.5098e-02, -3.1372e-02],
          [ 0.0000e+00,  0.0000e+00,  0.0000e+00,  ..., -6.2745e-03,
           -6.2745e-03, -6.2745e-03],
          [ 0.0000e+00,  0.0000e+00,  0.0000e+00,  ..., -6.2745e-03,
           -6.2745e-03, -6.2745e-03]],

         [[-6.2745e-03,  0.0000e+00,  0.0000e+00,  ..., -3.1372e-03,
            0.0000e+00, -3.1375e-03],
          [-3.1373e-02, -1.2549e-02, -3.1373e-02,  ..., -1.8823e-02,
           -1.8823e-02, -1.8823e-02],
          [-3.1373e-02, -3.1373e-02, -3.1373e-02,  ..., -3.1373e-02,
           -3.1373e-02, -3.1373e-02],
          ...,
          [ 3.1372e-03,  3.1372e-03,  3.1372e-03,  ...,  3.1372e-03,
            3.1372e-03,  3.1372e-03],
          [-3.1373e-02, -3.1373e-02, -3.1373e-02,  ..., -2.5098e-02,
           -2.5098e-02, -2.5098e-02],
          [-3.1373e-02, -3.1373e-02, -3.1373e-02,  ..., -2.5098e-02,
           -2.5098e-02, -2.5098e-02]],

         [[ 3.1372e-03,  3.1372e-03,  3.1372e-03,  ...,  0.0000e+00,
            0.0000e+00,  3.1372e-03],
          [ 0.0000e+00,  0.0000e+00,  0.0000e+00,  ..., -2.3842e-07,
           -2.3842e-07, -2.3842e-07],
          [ 0.0000e+00,  0.0000e+00,  0.0000e+00,  ..., -6.2747e-03,
           -6.2747e-03, -1.2549e-02],
          ...,
          [ 0.0000e+00,  3.9216e-03,  0.0000e+00,  ..., -6.2745e-03,
           -6.2745e-03, -6.2745e-03],
          [ 0.0000e+00,  0.0000e+00,  0.0000e+00,  ..., -6.2745e-03,
           -6.2745e-03, -2.8235e-02],
          [ 0.0000e+00, -2.8235e-02, -3.1373e-02,  ..., -3.1373e-02,
           -3.1373e-02, -3.1373e-02]]],


        [[[-3.1373e-02, -3.1373e-02, -3.1373e-02,  ..., -3.1373e-02,
           -3.1373e-02, -3.1373e-02],
          [-3.1373e-02, -3.1373e-02, -3.1373e-02,  ..., -3.1373e-02,
           -3.1373e-02, -3.1373e-02],
          [ 3.1373e-02,  3.1373e-02,  3.1373e-02,  ...,  3.1373e-02,
            3.1373e-02,  3.1373e-02],
          ...,
          [ 3.1372e-02,  3.1373e-02,  3.1373e-02,  ..., -3.1373e-02,
           -2.5098e-02, -3.1373e-02],
          [ 3.1373e-02,  3.1373e-02,  3.1373e-02,  ...,  3.1373e-02,
            3.1373e-02,  3.1373e-02],
          [ 3.1373e-02,  3.1373e-02,  3.1373e-02,  ...,  3.1373e-02,
            3.1373e-02,  3.1373e-02]],

         [[ 3.1373e-02,  3.1373e-02,  3.1373e-02,  ...,  3.1373e-02,
            3.1373e-02,  3.1373e-02],
          [ 3.1373e-02,  3.1373e-02,  3.1373e-02,  ...,  3.1373e-02,
           -3.1372e-02, -6.2742e-03],
          [-3.1373e-02, -3.1373e-02, -3.1373e-02,  ..., -3.1373e-02,
           -3.1373e-02, -3.1373e-02],
          ...,
          [-3.1373e-02, -3.1373e-02, -3.1373e-02,  ..., -3.1373e-02,
           -3.1373e-02, -3.1373e-02],
          [-3.1373e-02, -3.1373e-02, -3.1373e-02,  ..., -3.1373e-02,
           -3.1373e-02, -3.1373e-02],
          [-3.1373e-02, -3.1373e-02, -3.1373e-02,  ..., -3.1373e-02,
           -3.1373e-02, -3.1373e-02]],

         [[ 3.1373e-02,  3.1373e-02,  3.1373e-02,  ...,  3.1373e-02,
            3.1373e-02,  3.1373e-02],
          [ 3.1373e-02,  3.1373e-02,  3.1373e-02,  ...,  3.1373e-02,
            3.1373e-02,  3.1373e-02],
          [ 3.1373e-02,  3.1373e-02,  3.1373e-02,  ...,  3.1373e-02,
            3.1373e-02,  3.1373e-02],
          ...,
          [ 3.1373e-02,  3.1373e-02,  3.1373e-02,  ...,  3.1373e-02,
            3.1373e-02,  3.1373e-02],
          [ 3.1373e-02,  3.1373e-02,  3.1373e-02,  ...,  3.1373e-02,
            3.1373e-02,  3.1373e-02],
          [ 3.1373e-02,  3.1373e-02,  3.1373e-02,  ..., -3.1373e-02,
           -3.1373e-02, -3.1373e-02]]]])
2026-05-29 17:15:37,930 torch.Size([50000, 3, 32, 32])
2026-05-29 17:15:37,930 Noise saved at /work/mohammad/Vector/UE-EMN/perturbation.pt
2026-05-29 17:15:37,967 Running Cost 0.00 Days 

